<?xml version="1.0" encoding="UTF-8"?>
<testsuite xmlns:xsi="http://www.w3.org/2001/XMLSchema-instance" xsi:noNamespaceSchemaLocation="https://maven.apache.org/surefire/maven-surefire-plugin/xsd/surefire-test-report.xsd" version="3.0.2" name="com.talaatharb.leadmanager.entity.SalesLeadTest" time="0.083" tests="3" errors="0" skipped="0" failures="0">
  <properties>
[...]
</properties>
  <testcase name="statusCanBeChanged" classname="com.talaatharb.leadmanager.entity.SalesLeadTest" time="0.062"/>
  <testcase name="defaultConstructorSetsDefaults" classname="com.talaatharb.leadmanager.entity.SalesLeadTest" time="0.002"/>
  <testcase name="convenienceConstructorSetsFields" classname="com.talaatharb.leadmanager.entity.SalesLeadTest" time="0.001"/>
</testsuite>